2021-10-14 01:56:59 - Starting C:\Program Files\nodejs\node.exe  --harmony C:\Users\Administrator\AppData\Roaming\npm\node_modules\qckwinsvc\node_modules\node-windows\lib\wrapper.js --file C:\Users\Administrator\Desktop\2gather\server.js --log "Togather wrapper" --grow 0.25 --wait 1 --maxrestarts 3 --abortonerror n --stopparentfirst undefined
2021-10-14 01:56:59 - Started 18368
2021-10-14 10:29:23 - Stopping togather.exe
2021-10-14 10:29:23 - ProcessKill 18368
2021-10-14 10:29:23 - Found child process: 17244 Name: conhost.exe
2021-10-14 10:29:23 - Found child process: 7056 Name: node.exe
2021-10-14 10:29:23 - Stopping process 17244
2021-10-14 10:29:23 - Send SIGINT 17244
2021-10-14 10:29:23 - SIGINT to 17244 failed - Killing as fallback
2021-10-14 10:29:23 - Stopping process 7056
2021-10-14 10:29:23 - Send SIGINT 7056
2021-10-14 10:29:23 - SIGINT to 7056 failed - Killing as fallback
2021-10-14 10:29:23 - Stopping process 18368
2021-10-14 10:29:23 - Send SIGINT 18368
2021-10-14 10:29:23 - SIGINT to 18368 failed - Killing as fallback
2021-10-14 10:29:23 - Finished togather.exe
2021-10-14 10:29:25 - Starting C:\Program Files\nodejs\node.exe  --harmony C:\Users\Administrator\AppData\Roaming\npm\node_modules\qckwinsvc\node_modules\node-windows\lib\wrapper.js --file C:\Users\Administrator\Desktop\2gather\server.js --log "Togather wrapper" --grow 0.25 --wait 1 --maxrestarts 3 --abortonerror n --stopparentfirst undefined
2021-10-14 10:29:25 - Started 15852
2021-10-14 12:55:45 - Stopping togather.exe
2021-10-14 12:55:45 - ProcessKill 15852
2021-10-14 12:55:45 - Found child process: 20860 Name: conhost.exe
2021-10-14 12:55:45 - Found child process: 21204 Name: node.exe
2021-10-14 12:55:45 - Stopping process 20860
2021-10-14 12:55:45 - Send SIGINT 20860
2021-10-14 12:55:45 - SIGINT to 20860 failed - Killing as fallback
2021-10-14 12:55:45 - Stopping process 21204
2021-10-14 12:55:45 - Send SIGINT 21204
2021-10-14 12:55:45 - SIGINT to 21204 failed - Killing as fallback
2021-10-14 12:55:45 - Stopping process 15852
2021-10-14 12:55:45 - Send SIGINT 15852
2021-10-14 12:55:45 - SIGINT to 15852 failed - Killing as fallback
2021-10-14 12:55:45 - Finished togather.exe
2021-10-14 12:55:47 - Starting C:\Program Files\nodejs\node.exe  --harmony C:\Users\Administrator\AppData\Roaming\npm\node_modules\qckwinsvc\node_modules\node-windows\lib\wrapper.js --file C:\Users\Administrator\Desktop\2gather\server.js --log "Togather wrapper" --grow 0.25 --wait 1 --maxrestarts 3 --abortonerror n --stopparentfirst undefined
2021-10-14 12:55:47 - Started 13344
2021-10-21 11:33:44 - Starting C:\Program Files\nodejs\node.exe  --harmony C:\Users\Administrator\AppData\Roaming\npm\node_modules\qckwinsvc\node_modules\node-windows\lib\wrapper.js --file C:\Users\Administrator\Desktop\2gather\server.js --log "Togather wrapper" --grow 0.25 --wait 1 --maxrestarts 3 --abortonerror n --stopparentfirst undefined
2021-10-21 11:33:44 - Started 4448
